<?xml version="1.0" encoding="UTF-8"?>
<!-- Generated by org.testng.reporters.JUnitReportReporter -->
<testsuite skipped="0" hostname="DESKTOP-CP4RQU0" name="Work.HomePage" tests="2" failures="0" timestamp="15 Aug 2019 11:34:45 GMT" time="69.251" errors="0">
  <testcase name="basePageNavigation" time="46.083" classname="Work.HomePage"/>
  <testcase name="basePageNavigation" time="23.168" classname="Work.HomePage"/>
</testsuite> <!-- Work.HomePage -->
