<?xml version="1.0" encoding="UTF-8"?>
<!-- Generated by org.testng.reporters.JUnitReportReporter -->
<testsuite skipped="0" hostname="DESKTOP-CP4RQU0" name="Work.ValidateTitle" tests="1" failures="0" timestamp="15 Aug 2019 11:34:45 GMT" time="0.048" errors="0">
  <testcase name="basePageNavigation" time="0.048" classname="Work.ValidateTitle"/>
</testsuite> <!-- Work.ValidateTitle -->
